


ARM Macro Assembler    Page 1 


    1 00000000         ;/******************************************************
                       ********************//**
    2 00000000         ; * @file     startup_TM4C123.s
    3 00000000         ; * @brief    CMSIS Cortex-M4 Core Device Startup File f
                       or
    4 00000000         ; *           TI Tiva TM4C123 Blizzard Class Device
    5 00000000         ; * @version  V1.00
    6 00000000         ; * @date     15. May 2013
    7 00000000         ; *
    8 00000000         ; * @note
    9 00000000         ; * Copyright (C) 2011 ARM Limited. All rights reserved.
                       
   10 00000000         ; *
   11 00000000         ; * @par
   12 00000000         ; * ARM Limited (ARM) is supplying this software for use
                        with Cortex-M
   13 00000000         ; * processor based microcontrollers.  This file can be 
                       freely distributed
   14 00000000         ; * within development tools that are supporting such AR
                       M based processors.
   15 00000000         ; *
   16 00000000         ; * @par
   17 00000000         ; * THIS SOFTWARE IS PROVIDED "AS IS".  NO WARRANTIES, W
                       HETHER EXPRESS, IMPLIED
   18 00000000         ; * OR STATUTORY, INCLUDING, BUT NOT LIMITED TO, IMPLIED
                        WARRANTIES OF
   19 00000000         ; * MERCHANTABILITY AND FITNESS FOR A PARTICULAR PURPOSE
                        APPLY TO THIS SOFTWARE.
   20 00000000         ; * ARM SHALL NOT, IN ANY CIRCUMSTANCES, BE LIABLE FOR S
                       PECIAL, INCIDENTAL, OR
   21 00000000         ; * CONSEQUENTIAL DAMAGES, FOR ANY REASON WHATSOEVER.
   22 00000000         ; *
   23 00000000         ; ******************************************************
                       ************************/
   24 00000000         ;/*
   25 00000000         ;//-------- <<< Use Configuration Wizard in Context Menu
                        >>> ------------------
   26 00000000         ;*/
   27 00000000         
   28 00000000         
   29 00000000         ; <h> Stack Configuration
   30 00000000         ;   <o> Stack Size (in Bytes) <0x0-0xFFFFFFFF:8>
   31 00000000         ; </h>
   32 00000000         
   33 00000000 00000200 
                       Stack_Size
                               EQU              0x00000200
   34 00000000         
   35 00000000                 AREA             STACK, NOINIT, READWRITE, ALIGN
=3
   36 00000000         Stack_Mem
                               SPACE            Stack_Size
   37 00000200         __initial_sp
   38 00000200         
   39 00000200         
   40 00000200         ; <h> Heap Configuration
   41 00000200         ;   <o>  Heap Size (in Bytes) <0x0-0xFFFFFFFF:8>
   42 00000200         ; </h>
   43 00000200         



ARM Macro Assembler    Page 2 


   44 00000200 00000000 
                       Heap_Size
                               EQU              0x00000000
   45 00000200         
   46 00000200                 AREA             HEAP, NOINIT, READWRITE, ALIGN=
3
   47 00000000         __heap_base
   48 00000000         Heap_Mem
                               SPACE            Heap_Size
   49 00000000         __heap_limit
   50 00000000         
   51 00000000         
   52 00000000                 PRESERVE8
   53 00000000                 THUMB
   54 00000000         
   55 00000000         
   56 00000000         ; Vector Table Mapped to Address 0 at Reset
   57 00000000         
   58 00000000                 AREA             RESET, DATA, READONLY
   59 00000000                 EXPORT           __Vectors
   60 00000000                 EXPORT           __Vectors_End
   61 00000000                 EXPORT           __Vectors_Size
   62 00000000         
   63 00000000 00000000 
                       __Vectors
                               DCD              __initial_sp ; Top of Stack
   64 00000004 00000000        DCD              Reset_Handler ; Reset Handler
   65 00000008 00000000        DCD              NMI_Handler ; NMI Handler
   66 0000000C 00000000        DCD              HardFault_Handler ; Hard Fault 
                                                            Handler
   67 00000010 00000000        DCD              MemManage_Handler 
                                                            ; MPU Fault Handler
                                                            
   68 00000014 00000000        DCD              BusFault_Handler 
                                                            ; Bus Fault Handler
                                                            
   69 00000018 00000000        DCD              UsageFault_Handler ; Usage Faul
                                                            t Handler
   70 0000001C 00000000        DCD              0           ; Reserved
   71 00000020 00000000        DCD              0           ; Reserved
   72 00000024 00000000        DCD              0           ; Reserved
   73 00000028 00000000        DCD              0           ; Reserved
   74 0000002C 00000000        DCD              SVC_Handler ; SVCall Handler
   75 00000030 00000000        DCD              DebugMon_Handler ; Debug Monito
                                                            r Handler
   76 00000034 00000000        DCD              0           ; Reserved
   77 00000038 00000000        DCD              PendSV_Handler ; PendSV Handler
                                                            
   78 0000003C 00000000        DCD              SysTick_Handler 
                                                            ; SysTick Handler
   79 00000040         
   80 00000040         ; External Interrupts
   81 00000040         
   82 00000040 00000000        DCD              GPIOA_Handler 
                                                            ;   0: GPIO Port A
   83 00000044 00000000        DCD              GPIOB_Handler 
                                                            ;   1: GPIO Port B
   84 00000048 00000000        DCD              GPIOC_Handler 
                                                            ;   2: GPIO Port C



ARM Macro Assembler    Page 3 


   85 0000004C 00000000        DCD              GPIOD_Handler 
                                                            ;   3: GPIO Port D
   86 00000050 00000000        DCD              GPIOE_Handler 
                                                            ;   4: GPIO Port E
   87 00000054 00000000        DCD              UART0_Handler ;   5: UART0 Rx a
                                                            nd Tx
   88 00000058 00000000        DCD              UART1_Handler ;   6: UART1 Rx a
                                                            nd Tx
   89 0000005C 00000000        DCD              SSI0_Handler ;   7: SSI0 Rx and
                                                             Tx
   90 00000060 00000000        DCD              I2C0_Handler ;   8: I2C0 Master
                                                             and Slave
   91 00000064 00000000        DCD              PMW0_FAULT_Handler 
                                                            ;   9: PWM Fault
   92 00000068 00000000        DCD              PWM0_0_Handler ;  10: PWM Gener
                                                            ator 0
   93 0000006C 00000000        DCD              PWM0_1_Handler ;  11: PWM Gener
                                                            ator 1
   94 00000070 00000000        DCD              PWM0_2_Handler ;  12: PWM Gener
                                                            ator 2
   95 00000074 00000000        DCD              QEI0_Handler ;  13: Quadrature 
                                                            Encoder 0
   96 00000078 00000000        DCD              ADC0SS0_Handler ;  14: ADC Sequ
                                                            ence 0
   97 0000007C 00000000        DCD              ADC0SS1_Handler ;  15: ADC Sequ
                                                            ence 1
   98 00000080 00000000        DCD              ADC0SS2_Handler ;  16: ADC Sequ
                                                            ence 2
   99 00000084 00000000        DCD              ADC0SS3_Handler ;  17: ADC Sequ
                                                            ence 3
  100 00000088 00000000        DCD              WDT0_Handler ;  18: Watchdog ti
                                                            mer
  101 0000008C 00000000        DCD              TIMER0A_Handler ;  19: Timer 0 
                                                            subtimer A
  102 00000090 00000000        DCD              TIMER0B_Handler ;  20: Timer 0 
                                                            subtimer B
  103 00000094 00000000        DCD              TIMER1A_Handler ;  21: Timer 1 
                                                            subtimer A
  104 00000098 00000000        DCD              TIMER1B_Handler ;  22: Timer 1 
                                                            subtimer B
  105 0000009C 00000000        DCD              TIMER2A_Handler ;  23: Timer 2 
                                                            subtimer A
  106 000000A0 00000000        DCD              TIMER2B_Handler ;  24: Timer 2 
                                                            subtimer B
  107 000000A4 00000000        DCD              COMP0_Handler ;  25: Analog Com
                                                            parator 0
  108 000000A8 00000000        DCD              COMP1_Handler ;  26: Analog Com
                                                            parator 1
  109 000000AC 00000000        DCD              COMP2_Handler ;  27: Analog Com
                                                            parator 2
  110 000000B0 00000000        DCD              SYSCTL_Handler ;  28: System Co
                                                            ntrol (PLL, OSC, BO
                                                            )
  111 000000B4 00000000        DCD              FLASH_Handler ;  29: FLASH Cont
                                                            rol
  112 000000B8 00000000        DCD              GPIOF_Handler 
                                                            ;  30: GPIO Port F
  113 000000BC 00000000        DCD              GPIOG_Handler 
                                                            ;  31: GPIO Port G



ARM Macro Assembler    Page 4 


  114 000000C0 00000000        DCD              GPIOH_Handler 
                                                            ;  32: GPIO Port H
  115 000000C4 00000000        DCD              UART2_Handler ;  33: UART2 Rx a
                                                            nd Tx
  116 000000C8 00000000        DCD              SSI1_Handler ;  34: SSI1 Rx and
                                                             Tx
  117 000000CC 00000000        DCD              TIMER3A_Handler ;  35: Timer 3 
                                                            subtimer A
  118 000000D0 00000000        DCD              TIMER3B_Handler ;  36: Timer 3 
                                                            subtimer B
  119 000000D4 00000000        DCD              I2C1_Handler ;  37: I2C1 Master
                                                             and Slave
  120 000000D8 00000000        DCD              QEI1_Handler ;  38: Quadrature 
                                                            Encoder 1
  121 000000DC 00000000        DCD              CAN0_Handler ;  39: CAN0
  122 000000E0 00000000        DCD              CAN1_Handler ;  40: CAN1
  123 000000E4 00000000        DCD              CAN2_Handler ;  41: CAN2
  124 000000E8 00000000        DCD              0           ;  42: Reserved
  125 000000EC 00000000        DCD              HIB_Handler ;  43: Hibernate
  126 000000F0 00000000        DCD              USB0_Handler ;  44: USB0
  127 000000F4 00000000        DCD              PWM0_3_Handler ;  45: PWM Gener
                                                            ator 3
  128 000000F8 00000000        DCD              UDMA_Handler ;  46: uDMA Softwa
                                                            re Transfer
  129 000000FC 00000000        DCD              UDMAERR_Handler 
                                                            ;  47: uDMA Error
  130 00000100 00000000        DCD              ADC1SS0_Handler ;  48: ADC1 Seq
                                                            uence 0
  131 00000104 00000000        DCD              ADC1SS1_Handler ;  49: ADC1 Seq
                                                            uence 1
  132 00000108 00000000        DCD              ADC1SS2_Handler ;  50: ADC1 Seq
                                                            uence 2
  133 0000010C 00000000        DCD              ADC1SS3_Handler ;  51: ADC1 Seq
                                                            uence 3
  134 00000110 00000000        DCD              0           ;  52: Reserved
  135 00000114 00000000        DCD              0           ;  53: Reserved
  136 00000118 00000000        DCD              GPIOJ_Handler 
                                                            ;  54: GPIO Port J
  137 0000011C 00000000        DCD              GPIOK_Handler 
                                                            ;  55: GPIO Port K
  138 00000120 00000000        DCD              GPIOL_Handler 
                                                            ;  56: GPIO Port L
  139 00000124 00000000        DCD              SSI2_Handler ;  57: SSI2 Rx and
                                                             Tx
  140 00000128 00000000        DCD              SSI3_Handler ;  58: SSI3 Rx and
                                                             Tx
  141 0000012C 00000000        DCD              UART3_Handler ;  59: UART3 Rx a
                                                            nd Tx
  142 00000130 00000000        DCD              UART4_Handler ;  60: UART4 Rx a
                                                            nd Tx
  143 00000134 00000000        DCD              UART5_Handler ;  61: UART5 Rx a
                                                            nd Tx
  144 00000138 00000000        DCD              UART6_Handler ;  62: UART6 Rx a
                                                            nd Tx
  145 0000013C 00000000        DCD              UART7_Handler ;  63: UART7 Rx a
                                                            nd Tx
  146 00000140 00000000        DCD              0           ;  64: Reserved
  147 00000144 00000000        DCD              0           ;  65: Reserved
  148 00000148 00000000        DCD              0           ;  66: Reserved



ARM Macro Assembler    Page 5 


  149 0000014C 00000000        DCD              0           ;  67: Reserved
  150 00000150 00000000        DCD              I2C2_Handler ;  68: I2C2 Master
                                                             and Slave
  151 00000154 00000000        DCD              I2C3_Handler ;  69: I2C3 Master
                                                             and Slave
  152 00000158 00000000        DCD              TIMER4A_Handler ;  70: Timer 4 
                                                            subtimer A
  153 0000015C 00000000        DCD              TIMER4B_Handler ;  71: Timer 4 
                                                            subtimer B
  154 00000160 00000000        DCD              0           ;  72: Reserved
  155 00000164 00000000        DCD              0           ;  73: Reserved
  156 00000168 00000000        DCD              0           ;  74: Reserved
  157 0000016C 00000000        DCD              0           ;  75: Reserved
  158 00000170 00000000        DCD              0           ;  76: Reserved
  159 00000174 00000000        DCD              0           ;  77: Reserved
  160 00000178 00000000        DCD              0           ;  78: Reserved
  161 0000017C 00000000        DCD              0           ;  79: Reserved
  162 00000180 00000000        DCD              0           ;  80: Reserved
  163 00000184 00000000        DCD              0           ;  81: Reserved
  164 00000188 00000000        DCD              0           ;  82: Reserved
  165 0000018C 00000000        DCD              0           ;  83: Reserved
  166 00000190 00000000        DCD              0           ;  84: Reserved
  167 00000194 00000000        DCD              0           ;  85: Reserved
  168 00000198 00000000        DCD              0           ;  86: Reserved
  169 0000019C 00000000        DCD              0           ;  87: Reserved
  170 000001A0 00000000        DCD              0           ;  88: Reserved
  171 000001A4 00000000        DCD              0           ;  89: Reserved
  172 000001A8 00000000        DCD              0           ;  90: Reserved
  173 000001AC 00000000        DCD              0           ;  91: Reserved
  174 000001B0 00000000        DCD              TIMER5A_Handler ;  92: Timer 5 
                                                            subtimer A
  175 000001B4 00000000        DCD              TIMER5B_Handler ;  93: Timer 5 
                                                            subtimer B
  176 000001B8 00000000        DCD              WTIMER0A_Handler ;  94: Wide Ti
                                                            mer 0 subtimer A
  177 000001BC 00000000        DCD              WTIMER0B_Handler ;  95: Wide Ti
                                                            mer 0 subtimer B
  178 000001C0 00000000        DCD              WTIMER1A_Handler ;  96: Wide Ti
                                                            mer 1 subtimer A
  179 000001C4 00000000        DCD              WTIMER1B_Handler ;  97: Wide Ti
                                                            mer 1 subtimer B
  180 000001C8 00000000        DCD              WTIMER2A_Handler ;  98: Wide Ti
                                                            mer 2 subtimer A
  181 000001CC 00000000        DCD              WTIMER2B_Handler ;  99: Wide Ti
                                                            mer 2 subtimer B
  182 000001D0 00000000        DCD              WTIMER3A_Handler ; 100: Wide Ti
                                                            mer 3 subtimer A
  183 000001D4 00000000        DCD              WTIMER3B_Handler ; 101: Wide Ti
                                                            mer 3 subtimer B
  184 000001D8 00000000        DCD              WTIMER4A_Handler ; 102: Wide Ti
                                                            mer 4 subtimer A
  185 000001DC 00000000        DCD              WTIMER4B_Handler ; 103: Wide Ti
                                                            mer 4 subtimer B
  186 000001E0 00000000        DCD              WTIMER5A_Handler ; 104: Wide Ti
                                                            mer 5 subtimer A
  187 000001E4 00000000        DCD              WTIMER5B_Handler ; 105: Wide Ti
                                                            mer 5 subtimer B
  188 000001E8 00000000        DCD              FPU_Handler ; 106: FPU
  189 000001EC 00000000        DCD              0           ; 107: Reserved



ARM Macro Assembler    Page 6 


  190 000001F0 00000000        DCD              0           ; 108: Reserved
  191 000001F4 00000000        DCD              I2C4_Handler ; 109: I2C4 Master
                                                             and Slave
  192 000001F8 00000000        DCD              I2C5_Handler ; 110: I2C5 Master
                                                             and Slave
  193 000001FC 00000000        DCD              GPIOM_Handler 
                                                            ; 111: GPIO Port M
  194 00000200 00000000        DCD              GPION_Handler 
                                                            ; 112: GPIO Port N
  195 00000204 00000000        DCD              QEI2_Handler ; 113: Quadrature 
                                                            Encoder 2
  196 00000208 00000000        DCD              0           ; 114: Reserved
  197 0000020C 00000000        DCD              0           ; 115: Reserved
  198 00000210 00000000        DCD              GPIOP0_Handler ; 116: GPIO Port
                                                             P (Summary or P0)
  199 00000214 00000000        DCD              GPIOP1_Handler 
                                                            ; 117: GPIO Port P1
                                                            
  200 00000218 00000000        DCD              GPIOP2_Handler 
                                                            ; 118: GPIO Port P2
                                                            
  201 0000021C 00000000        DCD              GPIOP3_Handler 
                                                            ; 119: GPIO Port P3
                                                            
  202 00000220 00000000        DCD              GPIOP4_Handler 
                                                            ; 120: GPIO Port P4
                                                            
  203 00000224 00000000        DCD              GPIOP5_Handler 
                                                            ; 121: GPIO Port P5
                                                            
  204 00000228 00000000        DCD              GPIOP6_Handler 
                                                            ; 122: GPIO Port P6
                                                            
  205 0000022C 00000000        DCD              GPIOP7_Handler 
                                                            ; 123: GPIO Port P7
                                                            
  206 00000230 00000000        DCD              GPIOQ0_Handler ; 124: GPIO Port
                                                             Q (Summary or Q0)
  207 00000234 00000000        DCD              GPIOQ1_Handler 
                                                            ; 125: GPIO Port Q1
                                                            
  208 00000238 00000000        DCD              GPIOQ2_Handler 
                                                            ; 126: GPIO Port Q2
                                                            
  209 0000023C 00000000        DCD              GPIOQ3_Handler 
                                                            ; 127: GPIO Port Q3
                                                            
  210 00000240 00000000        DCD              GPIOQ4_Handler 
                                                            ; 128: GPIO Port Q4
                                                            
  211 00000244 00000000        DCD              GPIOQ5_Handler 
                                                            ; 129: GPIO Port Q5
                                                            
  212 00000248 00000000        DCD              GPIOQ6_Handler 
                                                            ; 130: GPIO Port Q6
                                                            
  213 0000024C 00000000        DCD              GPIOQ7_Handler 
                                                            ; 131: GPIO Port Q7
                                                            



ARM Macro Assembler    Page 7 


  214 00000250 00000000        DCD              GPIOR_Handler 
                                                            ; 132: GPIO Port R
  215 00000254 00000000        DCD              GPIOS_Handler 
                                                            ; 133: GPIO Port S
  216 00000258 00000000        DCD              PMW1_0_Handler ; 134: PWM 1 Gen
                                                            erator 0
  217 0000025C 00000000        DCD              PWM1_1_Handler ; 135: PWM 1 Gen
                                                            erator 1
  218 00000260 00000000        DCD              PWM1_2_Handler ; 136: PWM 1 Gen
                                                            erator 2
  219 00000264 00000000        DCD              PWM1_3_Handler ; 137: PWM 1 Gen
                                                            erator 3
  220 00000268 00000000        DCD              PWM1_FAULT_Handler 
                                                            ; 138: PWM 1 Fault
  221 0000026C         
  222 0000026C         __Vectors_End
  223 0000026C         
  224 0000026C 0000026C 
                       __Vectors_Size
                               EQU              __Vectors_End - __Vectors
  225 0000026C         
  226 0000026C                 AREA             |.text|, CODE, READONLY
  227 00000000         
  228 00000000         
  229 00000000         ; Reset Handler
  230 00000000         
  231 00000000         Reset_Handler
                               PROC
  232 00000000                 EXPORT           Reset_Handler             [WEAK
]
  233 00000000         ; CPACR is located at address 0xE000ED88
  234 00000000 F8DF 010C       LDR.W            R0, =0xE000ED88
  235 00000004         ; Read CPACR
  236 00000004 6801            LDR              R1, [R0]
  237 00000006         ; Set bits 20-23 to enable CP10 and CP11 coprocessors
  238 00000006 F441 0170       ORR              R1, R1, #(0xF << 20)
  239 0000000A         ; Write back the modified value to the CPACR
  240 0000000A 6001            STR              R1, [R0]    ; wait for store to
                                                             complete
  241 0000000C F3BF 8F4F       DSB
  242 00000010         ;reset pipeline now the FPU is enabled
  243 00000010 F3BF 8F6F       ISB
  244 00000014                 IMPORT           __main
  245 00000014 483F            LDR              R0, =__main
  246 00000016 4700            BX               R0
  247 00000018                 ENDP
  248 00000018         
  249 00000018         
  250 00000018         ; Dummy Exception Handlers (infinite loops which can be 
                       modified)
  251 00000018         
  252 00000018         NMI_Handler
                               PROC
  253 00000018                 EXPORT           NMI_Handler               [WEAK
]
  254 00000018 E7FE            B                .
  255 0000001A                 ENDP
  257 0000001A         HardFault_Handler
                               PROC



ARM Macro Assembler    Page 8 


  258 0000001A                 EXPORT           HardFault_Handler         [WEAK
]
  259 0000001A E7FE            B                .
  260 0000001C                 ENDP
  262 0000001C         MemManage_Handler
                               PROC
  263 0000001C                 EXPORT           MemManage_Handler         [WEAK
]
  264 0000001C E7FE            B                .
  265 0000001E                 ENDP
  267 0000001E         BusFault_Handler
                               PROC
  268 0000001E                 EXPORT           BusFault_Handler          [WEAK
]
  269 0000001E E7FE            B                .
  270 00000020                 ENDP
  272 00000020         UsageFault_Handler
                               PROC
  273 00000020                 EXPORT           UsageFault_Handler        [WEAK
]
  274 00000020 E7FE            B                .
  275 00000022                 ENDP
  276 00000022         SVC_Handler
                               PROC
  277 00000022                 EXPORT           SVC_Handler               [WEAK
]
  278 00000022 E7FE            B                .
  279 00000024                 ENDP
  281 00000024         DebugMon_Handler
                               PROC
  282 00000024                 EXPORT           DebugMon_Handler          [WEAK
]
  283 00000024 E7FE            B                .
  284 00000026                 ENDP
  286 00000026         PendSV_Handler
                               PROC
  287 00000026                 EXPORT           PendSV_Handler            [WEAK
]
  288 00000026 E7FE            B                .
  289 00000028                 ENDP
  291 00000028         SysTick_Handler
                               PROC
  292 00000028                 EXPORT           SysTick_Handler           [WEAK
]
  293 00000028 E7FE            B                .
  294 0000002A                 ENDP
  295 0000002A         
  297 0000002A         GPIOA_Handler
                               PROC
  298 0000002A                 EXPORT           GPIOA_Handler [WEAK]
  299 0000002A E7FE            B                .
  300 0000002C                 ENDP
  301 0000002C         
  303 0000002C         GPIOB_Handler
                               PROC
  304 0000002C                 EXPORT           GPIOB_Handler [WEAK]
  305 0000002C E7FE            B                .
  306 0000002E                 ENDP
  307 0000002E         



ARM Macro Assembler    Page 9 


  309 0000002E         GPIOC_Handler
                               PROC
  310 0000002E                 EXPORT           GPIOC_Handler [WEAK]
  311 0000002E E7FE            B                .
  312 00000030                 ENDP
  313 00000030         
  315 00000030         GPIOD_Handler
                               PROC
  316 00000030                 EXPORT           GPIOD_Handler [WEAK]
  317 00000030 E7FE            B                .
  318 00000032                 ENDP
  319 00000032         
  321 00000032         GPIOE_Handler
                               PROC
  322 00000032                 EXPORT           GPIOE_Handler [WEAK]
  323 00000032 E7FE            B                .
  324 00000034                 ENDP
  325 00000034         
  327 00000034         UART0_Handler
                               PROC
  328 00000034                 EXPORT           UART0_Handler [WEAK]
  329 00000034 E7FE            B                .
  330 00000036                 ENDP
  331 00000036         
  333 00000036         UART1_Handler
                               PROC
  334 00000036                 EXPORT           UART1_Handler [WEAK]
  335 00000036 E7FE            B                .
  336 00000038                 ENDP
  337 00000038         
  339 00000038         SSI0_Handler
                               PROC
  340 00000038                 EXPORT           SSI0_Handler [WEAK]
  341 00000038 E7FE            B                .
  342 0000003A                 ENDP
  343 0000003A         
  345 0000003A         I2C0_Handler
                               PROC
  346 0000003A                 EXPORT           I2C0_Handler [WEAK]
  347 0000003A E7FE            B                .
  348 0000003C                 ENDP
  349 0000003C         
  351 0000003C         PMW0_FAULT_Handler
                               PROC
  352 0000003C                 EXPORT           PMW0_FAULT_Handler [WEAK]
  353 0000003C E7FE            B                .
  354 0000003E                 ENDP
  355 0000003E         
  357 0000003E         PWM0_0_Handler
                               PROC
  358 0000003E                 EXPORT           PWM0_0_Handler [WEAK]
  359 0000003E E7FE            B                .
  360 00000040                 ENDP
  361 00000040         
  363 00000040         PWM0_1_Handler
                               PROC
  364 00000040                 EXPORT           PWM0_1_Handler [WEAK]
  365 00000040 E7FE            B                .
  366 00000042                 ENDP



ARM Macro Assembler    Page 10 


  367 00000042         
  369 00000042         PWM0_2_Handler
                               PROC
  370 00000042                 EXPORT           PWM0_2_Handler [WEAK]
  371 00000042 E7FE            B                .
  372 00000044                 ENDP
  373 00000044         
  375 00000044         QEI0_Handler
                               PROC
  376 00000044                 EXPORT           QEI0_Handler [WEAK]
  377 00000044 E7FE            B                .
  378 00000046                 ENDP
  379 00000046         
  381 00000046         ADC0SS0_Handler
                               PROC
  382 00000046                 EXPORT           ADC0SS0_Handler [WEAK]
  383 00000046 E7FE            B                .
  384 00000048                 ENDP
  385 00000048         
  387 00000048         ADC0SS1_Handler
                               PROC
  388 00000048                 EXPORT           ADC0SS1_Handler [WEAK]
  389 00000048 E7FE            B                .
  390 0000004A                 ENDP
  391 0000004A         
  393 0000004A         ADC0SS2_Handler
                               PROC
  394 0000004A                 EXPORT           ADC0SS2_Handler [WEAK]
  395 0000004A E7FE            B                .
  396 0000004C                 ENDP
  397 0000004C         
  399 0000004C         ADC0SS3_Handler
                               PROC
  400 0000004C                 EXPORT           ADC0SS3_Handler [WEAK]
  401 0000004C E7FE            B                .
  402 0000004E                 ENDP
  403 0000004E         
  405 0000004E         WDT0_Handler
                               PROC
  406 0000004E                 EXPORT           WDT0_Handler [WEAK]
  407 0000004E E7FE            B                .
  408 00000050                 ENDP
  409 00000050         
  411 00000050         TIMER0A_Handler
                               PROC
  412 00000050                 EXPORT           TIMER0A_Handler [WEAK]
  413 00000050 E7FE            B                .
  414 00000052                 ENDP
  415 00000052         
  417 00000052         TIMER0B_Handler
                               PROC
  418 00000052                 EXPORT           TIMER0B_Handler [WEAK]
  419 00000052 E7FE            B                .
  420 00000054                 ENDP
  421 00000054         
  423 00000054         TIMER1A_Handler
                               PROC
  424 00000054                 EXPORT           TIMER1A_Handler [WEAK]
  425 00000054 E7FE            B                .



ARM Macro Assembler    Page 11 


  426 00000056                 ENDP
  427 00000056         
  429 00000056         TIMER1B_Handler
                               PROC
  430 00000056                 EXPORT           TIMER1B_Handler [WEAK]
  431 00000056 E7FE            B                .
  432 00000058                 ENDP
  433 00000058         
  435 00000058         TIMER2A_Handler
                               PROC
  436 00000058                 EXPORT           TIMER2A_Handler [WEAK]
  437 00000058 E7FE            B                .
  438 0000005A                 ENDP
  439 0000005A         
  441 0000005A         TIMER2B_Handler
                               PROC
  442 0000005A                 EXPORT           TIMER2B_Handler [WEAK]
  443 0000005A E7FE            B                .
  444 0000005C                 ENDP
  445 0000005C         
  447 0000005C         COMP0_Handler
                               PROC
  448 0000005C                 EXPORT           COMP0_Handler [WEAK]
  449 0000005C E7FE            B                .
  450 0000005E                 ENDP
  451 0000005E         
  453 0000005E         COMP1_Handler
                               PROC
  454 0000005E                 EXPORT           COMP1_Handler [WEAK]
  455 0000005E E7FE            B                .
  456 00000060                 ENDP
  457 00000060         
  459 00000060         COMP2_Handler
                               PROC
  460 00000060                 EXPORT           COMP2_Handler [WEAK]
  461 00000060 E7FE            B                .
  462 00000062                 ENDP
  463 00000062         
  465 00000062         SYSCTL_Handler
                               PROC
  466 00000062                 EXPORT           SYSCTL_Handler [WEAK]
  467 00000062 E7FE            B                .
  468 00000064                 ENDP
  469 00000064         
  471 00000064         FLASH_Handler
                               PROC
  472 00000064                 EXPORT           FLASH_Handler [WEAK]
  473 00000064 E7FE            B                .
  474 00000066                 ENDP
  475 00000066         
  477 00000066         GPIOF_Handler
                               PROC
  478 00000066                 EXPORT           GPIOF_Handler [WEAK]
  479 00000066 E7FE            B                .
  480 00000068                 ENDP
  481 00000068         
  483 00000068         GPIOG_Handler
                               PROC
  484 00000068                 EXPORT           GPIOG_Handler [WEAK]



ARM Macro Assembler    Page 12 


  485 00000068 E7FE            B                .
  486 0000006A                 ENDP
  487 0000006A         
  489 0000006A         GPIOH_Handler
                               PROC
  490 0000006A                 EXPORT           GPIOH_Handler [WEAK]
  491 0000006A E7FE            B                .
  492 0000006C                 ENDP
  493 0000006C         
  495 0000006C         UART2_Handler
                               PROC
  496 0000006C                 EXPORT           UART2_Handler [WEAK]
  497 0000006C E7FE            B                .
  498 0000006E                 ENDP
  499 0000006E         
  501 0000006E         SSI1_Handler
                               PROC
  502 0000006E                 EXPORT           SSI1_Handler [WEAK]
  503 0000006E E7FE            B                .
  504 00000070                 ENDP
  505 00000070         
  507 00000070         TIMER3A_Handler
                               PROC
  508 00000070                 EXPORT           TIMER3A_Handler [WEAK]
  509 00000070 E7FE            B                .
  510 00000072                 ENDP
  511 00000072         
  513 00000072         TIMER3B_Handler
                               PROC
  514 00000072                 EXPORT           TIMER3B_Handler [WEAK]
  515 00000072 E7FE            B                .
  516 00000074                 ENDP
  517 00000074         
  519 00000074         I2C1_Handler
                               PROC
  520 00000074                 EXPORT           I2C1_Handler [WEAK]
  521 00000074 E7FE            B                .
  522 00000076                 ENDP
  523 00000076         
  525 00000076         QEI1_Handler
                               PROC
  526 00000076                 EXPORT           QEI1_Handler [WEAK]
  527 00000076 E7FE            B                .
  528 00000078                 ENDP
  529 00000078         
  531 00000078         CAN0_Handler
                               PROC
  532 00000078                 EXPORT           CAN0_Handler [WEAK]
  533 00000078 E7FE            B                .
  534 0000007A                 ENDP
  535 0000007A         
  537 0000007A         CAN1_Handler
                               PROC
  538 0000007A                 EXPORT           CAN1_Handler [WEAK]
  539 0000007A E7FE            B                .
  540 0000007C                 ENDP
  541 0000007C         
  543 0000007C         CAN2_Handler
                               PROC



ARM Macro Assembler    Page 13 


  544 0000007C                 EXPORT           CAN2_Handler [WEAK]
  545 0000007C E7FE            B                .
  546 0000007E                 ENDP
  547 0000007E         
  549 0000007E         HIB_Handler
                               PROC
  550 0000007E                 EXPORT           HIB_Handler [WEAK]
  551 0000007E E7FE            B                .
  552 00000080                 ENDP
  553 00000080         
  555 00000080         USB0_Handler
                               PROC
  556 00000080                 EXPORT           USB0_Handler [WEAK]
  557 00000080 E7FE            B                .
  558 00000082                 ENDP
  559 00000082         
  561 00000082         PWM0_3_Handler
                               PROC
  562 00000082                 EXPORT           PWM0_3_Handler [WEAK]
  563 00000082 E7FE            B                .
  564 00000084                 ENDP
  565 00000084         
  567 00000084         UDMA_Handler
                               PROC
  568 00000084                 EXPORT           UDMA_Handler [WEAK]
  569 00000084 E7FE            B                .
  570 00000086                 ENDP
  571 00000086         
  573 00000086         UDMAERR_Handler
                               PROC
  574 00000086                 EXPORT           UDMAERR_Handler [WEAK]
  575 00000086 E7FE            B                .
  576 00000088                 ENDP
  577 00000088         
  579 00000088         ADC1SS0_Handler
                               PROC
  580 00000088                 EXPORT           ADC1SS0_Handler [WEAK]
  581 00000088 E7FE            B                .
  582 0000008A                 ENDP
  583 0000008A         
  585 0000008A         ADC1SS1_Handler
                               PROC
  586 0000008A                 EXPORT           ADC1SS1_Handler [WEAK]
  587 0000008A E7FE            B                .
  588 0000008C                 ENDP
  589 0000008C         
  591 0000008C         ADC1SS2_Handler
                               PROC
  592 0000008C                 EXPORT           ADC1SS2_Handler [WEAK]
  593 0000008C E7FE            B                .
  594 0000008E                 ENDP
  595 0000008E         
  597 0000008E         ADC1SS3_Handler
                               PROC
  598 0000008E                 EXPORT           ADC1SS3_Handler [WEAK]
  599 0000008E E7FE            B                .
  600 00000090                 ENDP
  601 00000090         
  603 00000090         GPIOJ_Handler



ARM Macro Assembler    Page 14 


                               PROC
  604 00000090                 EXPORT           GPIOJ_Handler [WEAK]
  605 00000090 E7FE            B                .
  606 00000092                 ENDP
  607 00000092         
  609 00000092         GPIOK_Handler
                               PROC
  610 00000092                 EXPORT           GPIOK_Handler [WEAK]
  611 00000092 E7FE            B                .
  612 00000094                 ENDP
  613 00000094         
  615 00000094         GPIOL_Handler
                               PROC
  616 00000094                 EXPORT           GPIOL_Handler [WEAK]
  617 00000094 E7FE            B                .
  618 00000096                 ENDP
  619 00000096         
  621 00000096         SSI2_Handler
                               PROC
  622 00000096                 EXPORT           SSI2_Handler [WEAK]
  623 00000096 E7FE            B                .
  624 00000098                 ENDP
  625 00000098         
  627 00000098         SSI3_Handler
                               PROC
  628 00000098                 EXPORT           SSI3_Handler [WEAK]
  629 00000098 E7FE            B                .
  630 0000009A                 ENDP
  631 0000009A         
  633 0000009A         UART3_Handler
                               PROC
  634 0000009A                 EXPORT           UART3_Handler [WEAK]
  635 0000009A E7FE            B                .
  636 0000009C                 ENDP
  637 0000009C         
  639 0000009C         UART4_Handler
                               PROC
  640 0000009C                 EXPORT           UART4_Handler [WEAK]
  641 0000009C E7FE            B                .
  642 0000009E                 ENDP
  643 0000009E         
  645 0000009E         UART5_Handler
                               PROC
  646 0000009E                 EXPORT           UART5_Handler [WEAK]
  647 0000009E E7FE            B                .
  648 000000A0                 ENDP
  649 000000A0         
  651 000000A0         UART6_Handler
                               PROC
  652 000000A0                 EXPORT           UART6_Handler [WEAK]
  653 000000A0 E7FE            B                .
  654 000000A2                 ENDP
  655 000000A2         
  657 000000A2         UART7_Handler
                               PROC
  658 000000A2                 EXPORT           UART7_Handler [WEAK]
  659 000000A2 E7FE            B                .
  660 000000A4                 ENDP
  661 000000A4         



ARM Macro Assembler    Page 15 


  663 000000A4         I2C2_Handler
                               PROC
  664 000000A4                 EXPORT           I2C2_Handler [WEAK]
  665 000000A4 E7FE            B                .
  666 000000A6                 ENDP
  667 000000A6         
  669 000000A6         I2C3_Handler
                               PROC
  670 000000A6                 EXPORT           I2C3_Handler [WEAK]
  671 000000A6 E7FE            B                .
  672 000000A8                 ENDP
  673 000000A8         
  675 000000A8         TIMER4A_Handler
                               PROC
  676 000000A8                 EXPORT           TIMER4A_Handler [WEAK]
  677 000000A8 E7FE            B                .
  678 000000AA                 ENDP
  679 000000AA         
  681 000000AA         TIMER4B_Handler
                               PROC
  682 000000AA                 EXPORT           TIMER4B_Handler [WEAK]
  683 000000AA E7FE            B                .
  684 000000AC                 ENDP
  685 000000AC         
  687 000000AC         TIMER5A_Handler
                               PROC
  688 000000AC                 EXPORT           TIMER5A_Handler [WEAK]
  689 000000AC E7FE            B                .
  690 000000AE                 ENDP
  691 000000AE         
  693 000000AE         TIMER5B_Handler
                               PROC
  694 000000AE                 EXPORT           TIMER5B_Handler [WEAK]
  695 000000AE E7FE            B                .
  696 000000B0                 ENDP
  697 000000B0         
  699 000000B0         WTIMER0A_Handler
                               PROC
  700 000000B0                 EXPORT           WTIMER0A_Handler [WEAK]
  701 000000B0 E7FE            B                .
  702 000000B2                 ENDP
  703 000000B2         
  705 000000B2         WTIMER0B_Handler
                               PROC
  706 000000B2                 EXPORT           WTIMER0B_Handler [WEAK]
  707 000000B2 E7FE            B                .
  708 000000B4                 ENDP
  709 000000B4         
  711 000000B4         WTIMER1A_Handler
                               PROC
  712 000000B4                 EXPORT           WTIMER1A_Handler [WEAK]
  713 000000B4 E7FE            B                .
  714 000000B6                 ENDP
  715 000000B6         
  717 000000B6         WTIMER1B_Handler
                               PROC
  718 000000B6                 EXPORT           WTIMER1B_Handler [WEAK]
  719 000000B6 E7FE            B                .
  720 000000B8                 ENDP



ARM Macro Assembler    Page 16 


  721 000000B8         
  723 000000B8         WTIMER2A_Handler
                               PROC
  724 000000B8                 EXPORT           WTIMER2A_Handler [WEAK]
  725 000000B8 E7FE            B                .
  726 000000BA                 ENDP
  727 000000BA         
  729 000000BA         WTIMER2B_Handler
                               PROC
  730 000000BA                 EXPORT           WTIMER2B_Handler [WEAK]
  731 000000BA E7FE            B                .
  732 000000BC                 ENDP
  733 000000BC         
  735 000000BC         WTIMER3A_Handler
                               PROC
  736 000000BC                 EXPORT           WTIMER3A_Handler [WEAK]
  737 000000BC E7FE            B                .
  738 000000BE                 ENDP
  739 000000BE         
  741 000000BE         WTIMER3B_Handler
                               PROC
  742 000000BE                 EXPORT           WTIMER3B_Handler [WEAK]
  743 000000BE E7FE            B                .
  744 000000C0                 ENDP
  745 000000C0         
  747 000000C0         WTIMER4A_Handler
                               PROC
  748 000000C0                 EXPORT           WTIMER4A_Handler [WEAK]
  749 000000C0 E7FE            B                .
  750 000000C2                 ENDP
  751 000000C2         
  753 000000C2         WTIMER4B_Handler
                               PROC
  754 000000C2                 EXPORT           WTIMER4B_Handler [WEAK]
  755 000000C2 E7FE            B                .
  756 000000C4                 ENDP
  757 000000C4         
  759 000000C4         WTIMER5A_Handler
                               PROC
  760 000000C4                 EXPORT           WTIMER5A_Handler [WEAK]
  761 000000C4 E7FE            B                .
  762 000000C6                 ENDP
  763 000000C6         
  765 000000C6         WTIMER5B_Handler
                               PROC
  766 000000C6                 EXPORT           WTIMER5B_Handler [WEAK]
  767 000000C6 E7FE            B                .
  768 000000C8                 ENDP
  769 000000C8         
  771 000000C8         FPU_Handler
                               PROC
  772 000000C8                 EXPORT           FPU_Handler [WEAK]
  773 000000C8 E7FE            B                .
  774 000000CA                 ENDP
  775 000000CA         
  777 000000CA         I2C4_Handler
                               PROC
  778 000000CA                 EXPORT           I2C4_Handler [WEAK]
  779 000000CA E7FE            B                .



ARM Macro Assembler    Page 17 


  780 000000CC                 ENDP
  781 000000CC         
  783 000000CC         I2C5_Handler
                               PROC
  784 000000CC                 EXPORT           I2C5_Handler [WEAK]
  785 000000CC E7FE            B                .
  786 000000CE                 ENDP
  787 000000CE         
  789 000000CE         GPIOM_Handler
                               PROC
  790 000000CE                 EXPORT           GPIOM_Handler [WEAK]
  791 000000CE E7FE            B                .
  792 000000D0                 ENDP
  793 000000D0         
  795 000000D0         GPION_Handler
                               PROC
  796 000000D0                 EXPORT           GPION_Handler [WEAK]
  797 000000D0 E7FE            B                .
  798 000000D2                 ENDP
  799 000000D2         
  801 000000D2         QEI2_Handler
                               PROC
  802 000000D2                 EXPORT           QEI2_Handler [WEAK]
  803 000000D2 E7FE            B                .
  804 000000D4                 ENDP
  805 000000D4         
  807 000000D4         GPIOP0_Handler
                               PROC
  808 000000D4                 EXPORT           GPIOP0_Handler [WEAK]
  809 000000D4 E7FE            B                .
  810 000000D6                 ENDP
  811 000000D6         
  813 000000D6         GPIOP1_Handler
                               PROC
  814 000000D6                 EXPORT           GPIOP1_Handler [WEAK]
  815 000000D6 E7FE            B                .
  816 000000D8                 ENDP
  817 000000D8         
  819 000000D8         GPIOP2_Handler
                               PROC
  820 000000D8                 EXPORT           GPIOP2_Handler [WEAK]
  821 000000D8 E7FE            B                .
  822 000000DA                 ENDP
  823 000000DA         
  825 000000DA         GPIOP3_Handler
                               PROC
  826 000000DA                 EXPORT           GPIOP3_Handler [WEAK]
  827 000000DA E7FE            B                .
  828 000000DC                 ENDP
  829 000000DC         
  831 000000DC         GPIOP4_Handler
                               PROC
  832 000000DC                 EXPORT           GPIOP4_Handler [WEAK]
  833 000000DC E7FE            B                .
  834 000000DE                 ENDP
  835 000000DE         
  837 000000DE         GPIOP5_Handler
                               PROC
  838 000000DE                 EXPORT           GPIOP5_Handler [WEAK]



ARM Macro Assembler    Page 18 


  839 000000DE E7FE            B                .
  840 000000E0                 ENDP
  841 000000E0         
  843 000000E0         GPIOP6_Handler
                               PROC
  844 000000E0                 EXPORT           GPIOP6_Handler [WEAK]
  845 000000E0 E7FE            B                .
  846 000000E2                 ENDP
  847 000000E2         
  849 000000E2         GPIOP7_Handler
                               PROC
  850 000000E2                 EXPORT           GPIOP7_Handler [WEAK]
  851 000000E2 E7FE            B                .
  852 000000E4                 ENDP
  853 000000E4         
  855 000000E4         GPIOQ0_Handler
                               PROC
  856 000000E4                 EXPORT           GPIOQ0_Handler [WEAK]
  857 000000E4 E7FE            B                .
  858 000000E6                 ENDP
  859 000000E6         
  861 000000E6         GPIOQ1_Handler
                               PROC
  862 000000E6                 EXPORT           GPIOQ1_Handler [WEAK]
  863 000000E6 E7FE            B                .
  864 000000E8                 ENDP
  865 000000E8         
  867 000000E8         GPIOQ2_Handler
                               PROC
  868 000000E8                 EXPORT           GPIOQ2_Handler [WEAK]
  869 000000E8 E7FE            B                .
  870 000000EA                 ENDP
  871 000000EA         
  873 000000EA         GPIOQ3_Handler
                               PROC
  874 000000EA                 EXPORT           GPIOQ3_Handler [WEAK]
  875 000000EA E7FE            B                .
  876 000000EC                 ENDP
  877 000000EC         
  879 000000EC         GPIOQ4_Handler
                               PROC
  880 000000EC                 EXPORT           GPIOQ4_Handler [WEAK]
  881 000000EC E7FE            B                .
  882 000000EE                 ENDP
  883 000000EE         
  885 000000EE         GPIOQ5_Handler
                               PROC
  886 000000EE                 EXPORT           GPIOQ5_Handler [WEAK]
  887 000000EE E7FE            B                .
  888 000000F0                 ENDP
  889 000000F0         
  891 000000F0         GPIOQ6_Handler
                               PROC
  892 000000F0                 EXPORT           GPIOQ6_Handler [WEAK]
  893 000000F0 E7FE            B                .
  894 000000F2                 ENDP
  895 000000F2         
  897 000000F2         GPIOQ7_Handler
                               PROC



ARM Macro Assembler    Page 19 


  898 000000F2                 EXPORT           GPIOQ7_Handler [WEAK]
  899 000000F2 E7FE            B                .
  900 000000F4                 ENDP
  901 000000F4         
  903 000000F4         GPIOR_Handler
                               PROC
  904 000000F4                 EXPORT           GPIOR_Handler [WEAK]
  905 000000F4 E7FE            B                .
  906 000000F6                 ENDP
  907 000000F6         
  909 000000F6         GPIOS_Handler
                               PROC
  910 000000F6                 EXPORT           GPIOS_Handler [WEAK]
  911 000000F6 E7FE            B                .
  912 000000F8                 ENDP
  913 000000F8         
  915 000000F8         PMW1_0_Handler
                               PROC
  916 000000F8                 EXPORT           PMW1_0_Handler [WEAK]
  917 000000F8 E7FE            B                .
  918 000000FA                 ENDP
  919 000000FA         
  921 000000FA         PWM1_1_Handler
                               PROC
  922 000000FA                 EXPORT           PWM1_1_Handler [WEAK]
  923 000000FA E7FE            B                .
  924 000000FC                 ENDP
  925 000000FC         
  927 000000FC         PWM1_2_Handler
                               PROC
  928 000000FC                 EXPORT           PWM1_2_Handler [WEAK]
  929 000000FC E7FE            B                .
  930 000000FE                 ENDP
  931 000000FE         
  933 000000FE         PWM1_3_Handler
                               PROC
  934 000000FE                 EXPORT           PWM1_3_Handler [WEAK]
  935 000000FE E7FE            B                .
  936 00000100                 ENDP
  937 00000100         
  939 00000100         PWM1_FAULT_Handler
                               PROC
  940 00000100                 EXPORT           PWM1_FAULT_Handler [WEAK]
  941 00000100 E7FE            B                .
  942 00000102                 ENDP
  943 00000102         
  944 00000102 00 00           ALIGN
  945 00000104         
  946 00000104         
  947 00000104         ; User Initial Stack & Heap
  948 00000104         
  949 00000104                 IF               :DEF:__MICROLIB
  956 00000104         
  957 00000104                 IMPORT           __use_two_region_memory
  958 00000104                 EXPORT           __user_initial_stackheap
  959 00000104         __user_initial_stackheap
  960 00000104         
  961 00000104 4804            LDR              R0, =  Heap_Mem
  962 00000106 4905            LDR              R1, =(Stack_Mem + Stack_Size)



ARM Macro Assembler    Page 20 


  963 00000108 4A03            LDR              R2, = (Heap_Mem +  Heap_Size)
  964 0000010A 4B05            LDR              R3, = Stack_Mem
  965 0000010C 4770            BX               LR
  966 0000010E         
  967 0000010E 00 00           ALIGN
  968 00000110         
  969 00000110                 ENDIF
  970 00000110         
  971 00000110         
  972 00000110                 END
              E000ED88 
              00000000 
              00000000 
              00000200 
              00000000 
Command Line: --debug --xref --cpu=Cortex-M4 --apcs=interwork --depend=.\startu
p_tm4c123.d -o.\startup_tm4c123.o -IC:\Keil\ARM\RV31\INC -IC:\Keil\ARM\CMSIS\In
clude -IC:\Keil\ARM\Inc\TI\TM4C123 --predefine="__EVAL SETA 1" --list=.\startup
_tm4c123.lst Utilities\startup_TM4C123.s



ARM Macro Assembler    Page 1 Alphabetic symbol ordering
Relocatable symbols

STACK 00000000

Symbol: STACK
   Definitions
      At line 35 in file Utilities\startup_TM4C123.s
   Uses
      None
Comment: STACK unused
Stack_Mem 00000000

Symbol: Stack_Mem
   Definitions
      At line 36 in file Utilities\startup_TM4C123.s
   Uses
      At line 962 in file Utilities\startup_TM4C123.s
      At line 964 in file Utilities\startup_TM4C123.s

__initial_sp 00000200

Symbol: __initial_sp
   Definitions
      At line 37 in file Utilities\startup_TM4C123.s
   Uses
      At line 63 in file Utilities\startup_TM4C123.s
Comment: __initial_sp used once
3 symbols



ARM Macro Assembler    Page 1 Alphabetic symbol ordering
Relocatable symbols

HEAP 00000000

Symbol: HEAP
   Definitions
      At line 46 in file Utilities\startup_TM4C123.s
   Uses
      None
Comment: HEAP unused
Heap_Mem 00000000

Symbol: Heap_Mem
   Definitions
      At line 48 in file Utilities\startup_TM4C123.s
   Uses
      At line 961 in file Utilities\startup_TM4C123.s
      At line 963 in file Utilities\startup_TM4C123.s

__heap_base 00000000

Symbol: __heap_base
   Definitions
      At line 47 in file Utilities\startup_TM4C123.s
   Uses
      None
Comment: __heap_base unused
__heap_limit 00000000

Symbol: __heap_limit
   Definitions
      At line 49 in file Utilities\startup_TM4C123.s
   Uses
      None
Comment: __heap_limit unused
4 symbols



ARM Macro Assembler    Page 1 Alphabetic symbol ordering
Relocatable symbols

RESET 00000000

Symbol: RESET
   Definitions
      At line 58 in file Utilities\startup_TM4C123.s
   Uses
      None
Comment: RESET unused
__Vectors 00000000

Symbol: __Vectors
   Definitions
      At line 63 in file Utilities\startup_TM4C123.s
   Uses
      At line 59 in file Utilities\startup_TM4C123.s
      At line 224 in file Utilities\startup_TM4C123.s

__Vectors_End 0000026C

Symbol: __Vectors_End
   Definitions
      At line 222 in file Utilities\startup_TM4C123.s
   Uses
      At line 60 in file Utilities\startup_TM4C123.s
      At line 224 in file Utilities\startup_TM4C123.s

3 symbols



ARM Macro Assembler    Page 1 Alphabetic symbol ordering
Relocatable symbols

.text 00000000

Symbol: .text
   Definitions
      At line 226 in file Utilities\startup_TM4C123.s
   Uses
      None
Comment: .text unused
ADC0SS0_Handler 00000046

Symbol: ADC0SS0_Handler
   Definitions
      At line 381 in file Utilities\startup_TM4C123.s
   Uses
      At line 96 in file Utilities\startup_TM4C123.s
      At line 382 in file Utilities\startup_TM4C123.s

ADC0SS1_Handler 00000048

Symbol: ADC0SS1_Handler
   Definitions
      At line 387 in file Utilities\startup_TM4C123.s
   Uses
      At line 97 in file Utilities\startup_TM4C123.s
      At line 388 in file Utilities\startup_TM4C123.s

ADC0SS2_Handler 0000004A

Symbol: ADC0SS2_Handler
   Definitions
      At line 393 in file Utilities\startup_TM4C123.s
   Uses
      At line 98 in file Utilities\startup_TM4C123.s
      At line 394 in file Utilities\startup_TM4C123.s

ADC0SS3_Handler 0000004C

Symbol: ADC0SS3_Handler
   Definitions
      At line 399 in file Utilities\startup_TM4C123.s
   Uses
      At line 99 in file Utilities\startup_TM4C123.s
      At line 400 in file Utilities\startup_TM4C123.s

ADC1SS0_Handler 00000088

Symbol: ADC1SS0_Handler
   Definitions
      At line 579 in file Utilities\startup_TM4C123.s
   Uses
      At line 130 in file Utilities\startup_TM4C123.s
      At line 580 in file Utilities\startup_TM4C123.s

ADC1SS1_Handler 0000008A

Symbol: ADC1SS1_Handler
   Definitions
      At line 585 in file Utilities\startup_TM4C123.s
   Uses



ARM Macro Assembler    Page 2 Alphabetic symbol ordering
Relocatable symbols

      At line 131 in file Utilities\startup_TM4C123.s
      At line 586 in file Utilities\startup_TM4C123.s

ADC1SS2_Handler 0000008C

Symbol: ADC1SS2_Handler
   Definitions
      At line 591 in file Utilities\startup_TM4C123.s
   Uses
      At line 132 in file Utilities\startup_TM4C123.s
      At line 592 in file Utilities\startup_TM4C123.s

ADC1SS3_Handler 0000008E

Symbol: ADC1SS3_Handler
   Definitions
      At line 597 in file Utilities\startup_TM4C123.s
   Uses
      At line 133 in file Utilities\startup_TM4C123.s
      At line 598 in file Utilities\startup_TM4C123.s

BusFault_Handler 0000001E

Symbol: BusFault_Handler
   Definitions
      At line 267 in file Utilities\startup_TM4C123.s
   Uses
      At line 68 in file Utilities\startup_TM4C123.s
      At line 268 in file Utilities\startup_TM4C123.s

CAN0_Handler 00000078

Symbol: CAN0_Handler
   Definitions
      At line 531 in file Utilities\startup_TM4C123.s
   Uses
      At line 121 in file Utilities\startup_TM4C123.s
      At line 532 in file Utilities\startup_TM4C123.s

CAN1_Handler 0000007A

Symbol: CAN1_Handler
   Definitions
      At line 537 in file Utilities\startup_TM4C123.s
   Uses
      At line 122 in file Utilities\startup_TM4C123.s
      At line 538 in file Utilities\startup_TM4C123.s

CAN2_Handler 0000007C

Symbol: CAN2_Handler
   Definitions
      At line 543 in file Utilities\startup_TM4C123.s
   Uses
      At line 123 in file Utilities\startup_TM4C123.s
      At line 544 in file Utilities\startup_TM4C123.s

COMP0_Handler 0000005C




ARM Macro Assembler    Page 3 Alphabetic symbol ordering
Relocatable symbols

Symbol: COMP0_Handler
   Definitions
      At line 447 in file Utilities\startup_TM4C123.s
   Uses
      At line 107 in file Utilities\startup_TM4C123.s
      At line 448 in file Utilities\startup_TM4C123.s

COMP1_Handler 0000005E

Symbol: COMP1_Handler
   Definitions
      At line 453 in file Utilities\startup_TM4C123.s
   Uses
      At line 108 in file Utilities\startup_TM4C123.s
      At line 454 in file Utilities\startup_TM4C123.s

COMP2_Handler 00000060

Symbol: COMP2_Handler
   Definitions
      At line 459 in file Utilities\startup_TM4C123.s
   Uses
      At line 109 in file Utilities\startup_TM4C123.s
      At line 460 in file Utilities\startup_TM4C123.s

DebugMon_Handler 00000024

Symbol: DebugMon_Handler
   Definitions
      At line 281 in file Utilities\startup_TM4C123.s
   Uses
      At line 75 in file Utilities\startup_TM4C123.s
      At line 282 in file Utilities\startup_TM4C123.s

FLASH_Handler 00000064

Symbol: FLASH_Handler
   Definitions
      At line 471 in file Utilities\startup_TM4C123.s
   Uses
      At line 111 in file Utilities\startup_TM4C123.s
      At line 472 in file Utilities\startup_TM4C123.s

FPU_Handler 000000C8

Symbol: FPU_Handler
   Definitions
      At line 771 in file Utilities\startup_TM4C123.s
   Uses
      At line 188 in file Utilities\startup_TM4C123.s
      At line 772 in file Utilities\startup_TM4C123.s

GPIOA_Handler 0000002A

Symbol: GPIOA_Handler
   Definitions
      At line 297 in file Utilities\startup_TM4C123.s
   Uses
      At line 82 in file Utilities\startup_TM4C123.s



ARM Macro Assembler    Page 4 Alphabetic symbol ordering
Relocatable symbols

      At line 298 in file Utilities\startup_TM4C123.s

GPIOB_Handler 0000002C

Symbol: GPIOB_Handler
   Definitions
      At line 303 in file Utilities\startup_TM4C123.s
   Uses
      At line 83 in file Utilities\startup_TM4C123.s
      At line 304 in file Utilities\startup_TM4C123.s

GPIOC_Handler 0000002E

Symbol: GPIOC_Handler
   Definitions
      At line 309 in file Utilities\startup_TM4C123.s
   Uses
      At line 84 in file Utilities\startup_TM4C123.s
      At line 310 in file Utilities\startup_TM4C123.s

GPIOD_Handler 00000030

Symbol: GPIOD_Handler
   Definitions
      At line 315 in file Utilities\startup_TM4C123.s
   Uses
      At line 85 in file Utilities\startup_TM4C123.s
      At line 316 in file Utilities\startup_TM4C123.s

GPIOE_Handler 00000032

Symbol: GPIOE_Handler
   Definitions
      At line 321 in file Utilities\startup_TM4C123.s
   Uses
      At line 86 in file Utilities\startup_TM4C123.s
      At line 322 in file Utilities\startup_TM4C123.s

GPIOF_Handler 00000066

Symbol: GPIOF_Handler
   Definitions
      At line 477 in file Utilities\startup_TM4C123.s
   Uses
      At line 112 in file Utilities\startup_TM4C123.s
      At line 478 in file Utilities\startup_TM4C123.s

GPIOG_Handler 00000068

Symbol: GPIOG_Handler
   Definitions
      At line 483 in file Utilities\startup_TM4C123.s
   Uses
      At line 113 in file Utilities\startup_TM4C123.s
      At line 484 in file Utilities\startup_TM4C123.s

GPIOH_Handler 0000006A

Symbol: GPIOH_Handler



ARM Macro Assembler    Page 5 Alphabetic symbol ordering
Relocatable symbols

   Definitions
      At line 489 in file Utilities\startup_TM4C123.s
   Uses
      At line 114 in file Utilities\startup_TM4C123.s
      At line 490 in file Utilities\startup_TM4C123.s

GPIOJ_Handler 00000090

Symbol: GPIOJ_Handler
   Definitions
      At line 603 in file Utilities\startup_TM4C123.s
   Uses
      At line 136 in file Utilities\startup_TM4C123.s
      At line 604 in file Utilities\startup_TM4C123.s

GPIOK_Handler 00000092

Symbol: GPIOK_Handler
   Definitions
      At line 609 in file Utilities\startup_TM4C123.s
   Uses
      At line 137 in file Utilities\startup_TM4C123.s
      At line 610 in file Utilities\startup_TM4C123.s

GPIOL_Handler 00000094

Symbol: GPIOL_Handler
   Definitions
      At line 615 in file Utilities\startup_TM4C123.s
   Uses
      At line 138 in file Utilities\startup_TM4C123.s
      At line 616 in file Utilities\startup_TM4C123.s

GPIOM_Handler 000000CE

Symbol: GPIOM_Handler
   Definitions
      At line 789 in file Utilities\startup_TM4C123.s
   Uses
      At line 193 in file Utilities\startup_TM4C123.s
      At line 790 in file Utilities\startup_TM4C123.s

GPION_Handler 000000D0

Symbol: GPION_Handler
   Definitions
      At line 795 in file Utilities\startup_TM4C123.s
   Uses
      At line 194 in file Utilities\startup_TM4C123.s
      At line 796 in file Utilities\startup_TM4C123.s

GPIOP0_Handler 000000D4

Symbol: GPIOP0_Handler
   Definitions
      At line 807 in file Utilities\startup_TM4C123.s
   Uses
      At line 198 in file Utilities\startup_TM4C123.s
      At line 808 in file Utilities\startup_TM4C123.s



ARM Macro Assembler    Page 6 Alphabetic symbol ordering
Relocatable symbols


GPIOP1_Handler 000000D6

Symbol: GPIOP1_Handler
   Definitions
      At line 813 in file Utilities\startup_TM4C123.s
   Uses
      At line 199 in file Utilities\startup_TM4C123.s
      At line 814 in file Utilities\startup_TM4C123.s

GPIOP2_Handler 000000D8

Symbol: GPIOP2_Handler
   Definitions
      At line 819 in file Utilities\startup_TM4C123.s
   Uses
      At line 200 in file Utilities\startup_TM4C123.s
      At line 820 in file Utilities\startup_TM4C123.s

GPIOP3_Handler 000000DA

Symbol: GPIOP3_Handler
   Definitions
      At line 825 in file Utilities\startup_TM4C123.s
   Uses
      At line 201 in file Utilities\startup_TM4C123.s
      At line 826 in file Utilities\startup_TM4C123.s

GPIOP4_Handler 000000DC

Symbol: GPIOP4_Handler
   Definitions
      At line 831 in file Utilities\startup_TM4C123.s
   Uses
      At line 202 in file Utilities\startup_TM4C123.s
      At line 832 in file Utilities\startup_TM4C123.s

GPIOP5_Handler 000000DE

Symbol: GPIOP5_Handler
   Definitions
      At line 837 in file Utilities\startup_TM4C123.s
   Uses
      At line 203 in file Utilities\startup_TM4C123.s
      At line 838 in file Utilities\startup_TM4C123.s

GPIOP6_Handler 000000E0

Symbol: GPIOP6_Handler
   Definitions
      At line 843 in file Utilities\startup_TM4C123.s
   Uses
      At line 204 in file Utilities\startup_TM4C123.s
      At line 844 in file Utilities\startup_TM4C123.s

GPIOP7_Handler 000000E2

Symbol: GPIOP7_Handler
   Definitions



ARM Macro Assembler    Page 7 Alphabetic symbol ordering
Relocatable symbols

      At line 849 in file Utilities\startup_TM4C123.s
   Uses
      At line 205 in file Utilities\startup_TM4C123.s
      At line 850 in file Utilities\startup_TM4C123.s

GPIOQ0_Handler 000000E4

Symbol: GPIOQ0_Handler
   Definitions
      At line 855 in file Utilities\startup_TM4C123.s
   Uses
      At line 206 in file Utilities\startup_TM4C123.s
      At line 856 in file Utilities\startup_TM4C123.s

GPIOQ1_Handler 000000E6

Symbol: GPIOQ1_Handler
   Definitions
      At line 861 in file Utilities\startup_TM4C123.s
   Uses
      At line 207 in file Utilities\startup_TM4C123.s
      At line 862 in file Utilities\startup_TM4C123.s

GPIOQ2_Handler 000000E8

Symbol: GPIOQ2_Handler
   Definitions
      At line 867 in file Utilities\startup_TM4C123.s
   Uses
      At line 208 in file Utilities\startup_TM4C123.s
      At line 868 in file Utilities\startup_TM4C123.s

GPIOQ3_Handler 000000EA

Symbol: GPIOQ3_Handler
   Definitions
      At line 873 in file Utilities\startup_TM4C123.s
   Uses
      At line 209 in file Utilities\startup_TM4C123.s
      At line 874 in file Utilities\startup_TM4C123.s

GPIOQ4_Handler 000000EC

Symbol: GPIOQ4_Handler
   Definitions
      At line 879 in file Utilities\startup_TM4C123.s
   Uses
      At line 210 in file Utilities\startup_TM4C123.s
      At line 880 in file Utilities\startup_TM4C123.s

GPIOQ5_Handler 000000EE

Symbol: GPIOQ5_Handler
   Definitions
      At line 885 in file Utilities\startup_TM4C123.s
   Uses
      At line 211 in file Utilities\startup_TM4C123.s
      At line 886 in file Utilities\startup_TM4C123.s




ARM Macro Assembler    Page 8 Alphabetic symbol ordering
Relocatable symbols

GPIOQ6_Handler 000000F0

Symbol: GPIOQ6_Handler
   Definitions
      At line 891 in file Utilities\startup_TM4C123.s
   Uses
      At line 212 in file Utilities\startup_TM4C123.s
      At line 892 in file Utilities\startup_TM4C123.s

GPIOQ7_Handler 000000F2

Symbol: GPIOQ7_Handler
   Definitions
      At line 897 in file Utilities\startup_TM4C123.s
   Uses
      At line 213 in file Utilities\startup_TM4C123.s
      At line 898 in file Utilities\startup_TM4C123.s

GPIOR_Handler 000000F4

Symbol: GPIOR_Handler
   Definitions
      At line 903 in file Utilities\startup_TM4C123.s
   Uses
      At line 214 in file Utilities\startup_TM4C123.s
      At line 904 in file Utilities\startup_TM4C123.s

GPIOS_Handler 000000F6

Symbol: GPIOS_Handler
   Definitions
      At line 909 in file Utilities\startup_TM4C123.s
   Uses
      At line 215 in file Utilities\startup_TM4C123.s
      At line 910 in file Utilities\startup_TM4C123.s

HIB_Handler 0000007E

Symbol: HIB_Handler
   Definitions
      At line 549 in file Utilities\startup_TM4C123.s
   Uses
      At line 125 in file Utilities\startup_TM4C123.s
      At line 550 in file Utilities\startup_TM4C123.s

HardFault_Handler 0000001A

Symbol: HardFault_Handler
   Definitions
      At line 257 in file Utilities\startup_TM4C123.s
   Uses
      At line 66 in file Utilities\startup_TM4C123.s
      At line 258 in file Utilities\startup_TM4C123.s

I2C0_Handler 0000003A

Symbol: I2C0_Handler
   Definitions
      At line 345 in file Utilities\startup_TM4C123.s



ARM Macro Assembler    Page 9 Alphabetic symbol ordering
Relocatable symbols

   Uses
      At line 90 in file Utilities\startup_TM4C123.s
      At line 346 in file Utilities\startup_TM4C123.s

I2C1_Handler 00000074

Symbol: I2C1_Handler
   Definitions
      At line 519 in file Utilities\startup_TM4C123.s
   Uses
      At line 119 in file Utilities\startup_TM4C123.s
      At line 520 in file Utilities\startup_TM4C123.s

I2C2_Handler 000000A4

Symbol: I2C2_Handler
   Definitions
      At line 663 in file Utilities\startup_TM4C123.s
   Uses
      At line 150 in file Utilities\startup_TM4C123.s
      At line 664 in file Utilities\startup_TM4C123.s

I2C3_Handler 000000A6

Symbol: I2C3_Handler
   Definitions
      At line 669 in file Utilities\startup_TM4C123.s
   Uses
      At line 151 in file Utilities\startup_TM4C123.s
      At line 670 in file Utilities\startup_TM4C123.s

I2C4_Handler 000000CA

Symbol: I2C4_Handler
   Definitions
      At line 777 in file Utilities\startup_TM4C123.s
   Uses
      At line 191 in file Utilities\startup_TM4C123.s
      At line 778 in file Utilities\startup_TM4C123.s

I2C5_Handler 000000CC

Symbol: I2C5_Handler
   Definitions
      At line 783 in file Utilities\startup_TM4C123.s
   Uses
      At line 192 in file Utilities\startup_TM4C123.s
      At line 784 in file Utilities\startup_TM4C123.s

MemManage_Handler 0000001C

Symbol: MemManage_Handler
   Definitions
      At line 262 in file Utilities\startup_TM4C123.s
   Uses
      At line 67 in file Utilities\startup_TM4C123.s
      At line 263 in file Utilities\startup_TM4C123.s

NMI_Handler 00000018



ARM Macro Assembler    Page 10 Alphabetic symbol ordering
Relocatable symbols


Symbol: NMI_Handler
   Definitions
      At line 252 in file Utilities\startup_TM4C123.s
   Uses
      At line 65 in file Utilities\startup_TM4C123.s
      At line 253 in file Utilities\startup_TM4C123.s

PMW0_FAULT_Handler 0000003C

Symbol: PMW0_FAULT_Handler
   Definitions
      At line 351 in file Utilities\startup_TM4C123.s
   Uses
      At line 91 in file Utilities\startup_TM4C123.s
      At line 352 in file Utilities\startup_TM4C123.s

PMW1_0_Handler 000000F8

Symbol: PMW1_0_Handler
   Definitions
      At line 915 in file Utilities\startup_TM4C123.s
   Uses
      At line 216 in file Utilities\startup_TM4C123.s
      At line 916 in file Utilities\startup_TM4C123.s

PWM0_0_Handler 0000003E

Symbol: PWM0_0_Handler
   Definitions
      At line 357 in file Utilities\startup_TM4C123.s
   Uses
      At line 92 in file Utilities\startup_TM4C123.s
      At line 358 in file Utilities\startup_TM4C123.s

PWM0_1_Handler 00000040

Symbol: PWM0_1_Handler
   Definitions
      At line 363 in file Utilities\startup_TM4C123.s
   Uses
      At line 93 in file Utilities\startup_TM4C123.s
      At line 364 in file Utilities\startup_TM4C123.s

PWM0_2_Handler 00000042

Symbol: PWM0_2_Handler
   Definitions
      At line 369 in file Utilities\startup_TM4C123.s
   Uses
      At line 94 in file Utilities\startup_TM4C123.s
      At line 370 in file Utilities\startup_TM4C123.s

PWM0_3_Handler 00000082

Symbol: PWM0_3_Handler
   Definitions
      At line 561 in file Utilities\startup_TM4C123.s
   Uses



ARM Macro Assembler    Page 11 Alphabetic symbol ordering
Relocatable symbols

      At line 127 in file Utilities\startup_TM4C123.s
      At line 562 in file Utilities\startup_TM4C123.s

PWM1_1_Handler 000000FA

Symbol: PWM1_1_Handler
   Definitions
      At line 921 in file Utilities\startup_TM4C123.s
   Uses
      At line 217 in file Utilities\startup_TM4C123.s
      At line 922 in file Utilities\startup_TM4C123.s

PWM1_2_Handler 000000FC

Symbol: PWM1_2_Handler
   Definitions
      At line 927 in file Utilities\startup_TM4C123.s
   Uses
      At line 218 in file Utilities\startup_TM4C123.s
      At line 928 in file Utilities\startup_TM4C123.s

PWM1_3_Handler 000000FE

Symbol: PWM1_3_Handler
   Definitions
      At line 933 in file Utilities\startup_TM4C123.s
   Uses
      At line 219 in file Utilities\startup_TM4C123.s
      At line 934 in file Utilities\startup_TM4C123.s

PWM1_FAULT_Handler 00000100

Symbol: PWM1_FAULT_Handler
   Definitions
      At line 939 in file Utilities\startup_TM4C123.s
   Uses
      At line 220 in file Utilities\startup_TM4C123.s
      At line 940 in file Utilities\startup_TM4C123.s

PendSV_Handler 00000026

Symbol: PendSV_Handler
   Definitions
      At line 286 in file Utilities\startup_TM4C123.s
   Uses
      At line 77 in file Utilities\startup_TM4C123.s
      At line 287 in file Utilities\startup_TM4C123.s

QEI0_Handler 00000044

Symbol: QEI0_Handler
   Definitions
      At line 375 in file Utilities\startup_TM4C123.s
   Uses
      At line 95 in file Utilities\startup_TM4C123.s
      At line 376 in file Utilities\startup_TM4C123.s

QEI1_Handler 00000076




ARM Macro Assembler    Page 12 Alphabetic symbol ordering
Relocatable symbols

Symbol: QEI1_Handler
   Definitions
      At line 525 in file Utilities\startup_TM4C123.s
   Uses
      At line 120 in file Utilities\startup_TM4C123.s
      At line 526 in file Utilities\startup_TM4C123.s

QEI2_Handler 000000D2

Symbol: QEI2_Handler
   Definitions
      At line 801 in file Utilities\startup_TM4C123.s
   Uses
      At line 195 in file Utilities\startup_TM4C123.s
      At line 802 in file Utilities\startup_TM4C123.s

Reset_Handler 00000000

Symbol: Reset_Handler
   Definitions
      At line 231 in file Utilities\startup_TM4C123.s
   Uses
      At line 64 in file Utilities\startup_TM4C123.s
      At line 232 in file Utilities\startup_TM4C123.s

SSI0_Handler 00000038

Symbol: SSI0_Handler
   Definitions
      At line 339 in file Utilities\startup_TM4C123.s
   Uses
      At line 89 in file Utilities\startup_TM4C123.s
      At line 340 in file Utilities\startup_TM4C123.s

SSI1_Handler 0000006E

Symbol: SSI1_Handler
   Definitions
      At line 501 in file Utilities\startup_TM4C123.s
   Uses
      At line 116 in file Utilities\startup_TM4C123.s
      At line 502 in file Utilities\startup_TM4C123.s

SSI2_Handler 00000096

Symbol: SSI2_Handler
   Definitions
      At line 621 in file Utilities\startup_TM4C123.s
   Uses
      At line 139 in file Utilities\startup_TM4C123.s
      At line 622 in file Utilities\startup_TM4C123.s

SSI3_Handler 00000098

Symbol: SSI3_Handler
   Definitions
      At line 627 in file Utilities\startup_TM4C123.s
   Uses
      At line 140 in file Utilities\startup_TM4C123.s



ARM Macro Assembler    Page 13 Alphabetic symbol ordering
Relocatable symbols

      At line 628 in file Utilities\startup_TM4C123.s

SVC_Handler 00000022

Symbol: SVC_Handler
   Definitions
      At line 276 in file Utilities\startup_TM4C123.s
   Uses
      At line 74 in file Utilities\startup_TM4C123.s
      At line 277 in file Utilities\startup_TM4C123.s

SYSCTL_Handler 00000062

Symbol: SYSCTL_Handler
   Definitions
      At line 465 in file Utilities\startup_TM4C123.s
   Uses
      At line 110 in file Utilities\startup_TM4C123.s
      At line 466 in file Utilities\startup_TM4C123.s

SysTick_Handler 00000028

Symbol: SysTick_Handler
   Definitions
      At line 291 in file Utilities\startup_TM4C123.s
   Uses
      At line 78 in file Utilities\startup_TM4C123.s
      At line 292 in file Utilities\startup_TM4C123.s

TIMER0A_Handler 00000050

Symbol: TIMER0A_Handler
   Definitions
      At line 411 in file Utilities\startup_TM4C123.s
   Uses
      At line 101 in file Utilities\startup_TM4C123.s
      At line 412 in file Utilities\startup_TM4C123.s

TIMER0B_Handler 00000052

Symbol: TIMER0B_Handler
   Definitions
      At line 417 in file Utilities\startup_TM4C123.s
   Uses
      At line 102 in file Utilities\startup_TM4C123.s
      At line 418 in file Utilities\startup_TM4C123.s

TIMER1A_Handler 00000054

Symbol: TIMER1A_Handler
   Definitions
      At line 423 in file Utilities\startup_TM4C123.s
   Uses
      At line 103 in file Utilities\startup_TM4C123.s
      At line 424 in file Utilities\startup_TM4C123.s

TIMER1B_Handler 00000056

Symbol: TIMER1B_Handler



ARM Macro Assembler    Page 14 Alphabetic symbol ordering
Relocatable symbols

   Definitions
      At line 429 in file Utilities\startup_TM4C123.s
   Uses
      At line 104 in file Utilities\startup_TM4C123.s
      At line 430 in file Utilities\startup_TM4C123.s

TIMER2A_Handler 00000058

Symbol: TIMER2A_Handler
   Definitions
      At line 435 in file Utilities\startup_TM4C123.s
   Uses
      At line 105 in file Utilities\startup_TM4C123.s
      At line 436 in file Utilities\startup_TM4C123.s

TIMER2B_Handler 0000005A

Symbol: TIMER2B_Handler
   Definitions
      At line 441 in file Utilities\startup_TM4C123.s
   Uses
      At line 106 in file Utilities\startup_TM4C123.s
      At line 442 in file Utilities\startup_TM4C123.s

TIMER3A_Handler 00000070

Symbol: TIMER3A_Handler
   Definitions
      At line 507 in file Utilities\startup_TM4C123.s
   Uses
      At line 117 in file Utilities\startup_TM4C123.s
      At line 508 in file Utilities\startup_TM4C123.s

TIMER3B_Handler 00000072

Symbol: TIMER3B_Handler
   Definitions
      At line 513 in file Utilities\startup_TM4C123.s
   Uses
      At line 118 in file Utilities\startup_TM4C123.s
      At line 514 in file Utilities\startup_TM4C123.s

TIMER4A_Handler 000000A8

Symbol: TIMER4A_Handler
   Definitions
      At line 675 in file Utilities\startup_TM4C123.s
   Uses
      At line 152 in file Utilities\startup_TM4C123.s
      At line 676 in file Utilities\startup_TM4C123.s

TIMER4B_Handler 000000AA

Symbol: TIMER4B_Handler
   Definitions
      At line 681 in file Utilities\startup_TM4C123.s
   Uses
      At line 153 in file Utilities\startup_TM4C123.s
      At line 682 in file Utilities\startup_TM4C123.s



ARM Macro Assembler    Page 15 Alphabetic symbol ordering
Relocatable symbols


TIMER5A_Handler 000000AC

Symbol: TIMER5A_Handler
   Definitions
      At line 687 in file Utilities\startup_TM4C123.s
   Uses
      At line 174 in file Utilities\startup_TM4C123.s
      At line 688 in file Utilities\startup_TM4C123.s

TIMER5B_Handler 000000AE

Symbol: TIMER5B_Handler
   Definitions
      At line 693 in file Utilities\startup_TM4C123.s
   Uses
      At line 175 in file Utilities\startup_TM4C123.s
      At line 694 in file Utilities\startup_TM4C123.s

UART0_Handler 00000034

Symbol: UART0_Handler
   Definitions
      At line 327 in file Utilities\startup_TM4C123.s
   Uses
      At line 87 in file Utilities\startup_TM4C123.s
      At line 328 in file Utilities\startup_TM4C123.s

UART1_Handler 00000036

Symbol: UART1_Handler
   Definitions
      At line 333 in file Utilities\startup_TM4C123.s
   Uses
      At line 88 in file Utilities\startup_TM4C123.s
      At line 334 in file Utilities\startup_TM4C123.s

UART2_Handler 0000006C

Symbol: UART2_Handler
   Definitions
      At line 495 in file Utilities\startup_TM4C123.s
   Uses
      At line 115 in file Utilities\startup_TM4C123.s
      At line 496 in file Utilities\startup_TM4C123.s

UART3_Handler 0000009A

Symbol: UART3_Handler
   Definitions
      At line 633 in file Utilities\startup_TM4C123.s
   Uses
      At line 141 in file Utilities\startup_TM4C123.s
      At line 634 in file Utilities\startup_TM4C123.s

UART4_Handler 0000009C

Symbol: UART4_Handler
   Definitions



ARM Macro Assembler    Page 16 Alphabetic symbol ordering
Relocatable symbols

      At line 639 in file Utilities\startup_TM4C123.s
   Uses
      At line 142 in file Utilities\startup_TM4C123.s
      At line 640 in file Utilities\startup_TM4C123.s

UART5_Handler 0000009E

Symbol: UART5_Handler
   Definitions
      At line 645 in file Utilities\startup_TM4C123.s
   Uses
      At line 143 in file Utilities\startup_TM4C123.s
      At line 646 in file Utilities\startup_TM4C123.s

UART6_Handler 000000A0

Symbol: UART6_Handler
   Definitions
      At line 651 in file Utilities\startup_TM4C123.s
   Uses
      At line 144 in file Utilities\startup_TM4C123.s
      At line 652 in file Utilities\startup_TM4C123.s

UART7_Handler 000000A2

Symbol: UART7_Handler
   Definitions
      At line 657 in file Utilities\startup_TM4C123.s
   Uses
      At line 145 in file Utilities\startup_TM4C123.s
      At line 658 in file Utilities\startup_TM4C123.s

UDMAERR_Handler 00000086

Symbol: UDMAERR_Handler
   Definitions
      At line 573 in file Utilities\startup_TM4C123.s
   Uses
      At line 129 in file Utilities\startup_TM4C123.s
      At line 574 in file Utilities\startup_TM4C123.s

UDMA_Handler 00000084

Symbol: UDMA_Handler
   Definitions
      At line 567 in file Utilities\startup_TM4C123.s
   Uses
      At line 128 in file Utilities\startup_TM4C123.s
      At line 568 in file Utilities\startup_TM4C123.s

USB0_Handler 00000080

Symbol: USB0_Handler
   Definitions
      At line 555 in file Utilities\startup_TM4C123.s
   Uses
      At line 126 in file Utilities\startup_TM4C123.s
      At line 556 in file Utilities\startup_TM4C123.s




ARM Macro Assembler    Page 17 Alphabetic symbol ordering
Relocatable symbols

UsageFault_Handler 00000020

Symbol: UsageFault_Handler
   Definitions
      At line 272 in file Utilities\startup_TM4C123.s
   Uses
      At line 69 in file Utilities\startup_TM4C123.s
      At line 273 in file Utilities\startup_TM4C123.s

WDT0_Handler 0000004E

Symbol: WDT0_Handler
   Definitions
      At line 405 in file Utilities\startup_TM4C123.s
   Uses
      At line 100 in file Utilities\startup_TM4C123.s
      At line 406 in file Utilities\startup_TM4C123.s

WTIMER0A_Handler 000000B0

Symbol: WTIMER0A_Handler
   Definitions
      At line 699 in file Utilities\startup_TM4C123.s
   Uses
      At line 176 in file Utilities\startup_TM4C123.s
      At line 700 in file Utilities\startup_TM4C123.s

WTIMER0B_Handler 000000B2

Symbol: WTIMER0B_Handler
   Definitions
      At line 705 in file Utilities\startup_TM4C123.s
   Uses
      At line 177 in file Utilities\startup_TM4C123.s
      At line 706 in file Utilities\startup_TM4C123.s

WTIMER1A_Handler 000000B4

Symbol: WTIMER1A_Handler
   Definitions
      At line 711 in file Utilities\startup_TM4C123.s
   Uses
      At line 178 in file Utilities\startup_TM4C123.s
      At line 712 in file Utilities\startup_TM4C123.s

WTIMER1B_Handler 000000B6

Symbol: WTIMER1B_Handler
   Definitions
      At line 717 in file Utilities\startup_TM4C123.s
   Uses
      At line 179 in file Utilities\startup_TM4C123.s
      At line 718 in file Utilities\startup_TM4C123.s

WTIMER2A_Handler 000000B8

Symbol: WTIMER2A_Handler
   Definitions
      At line 723 in file Utilities\startup_TM4C123.s



ARM Macro Assembler    Page 18 Alphabetic symbol ordering
Relocatable symbols

   Uses
      At line 180 in file Utilities\startup_TM4C123.s
      At line 724 in file Utilities\startup_TM4C123.s

WTIMER2B_Handler 000000BA

Symbol: WTIMER2B_Handler
   Definitions
      At line 729 in file Utilities\startup_TM4C123.s
   Uses
      At line 181 in file Utilities\startup_TM4C123.s
      At line 730 in file Utilities\startup_TM4C123.s

WTIMER3A_Handler 000000BC

Symbol: WTIMER3A_Handler
   Definitions
      At line 735 in file Utilities\startup_TM4C123.s
   Uses
      At line 182 in file Utilities\startup_TM4C123.s
      At line 736 in file Utilities\startup_TM4C123.s

WTIMER3B_Handler 000000BE

Symbol: WTIMER3B_Handler
   Definitions
      At line 741 in file Utilities\startup_TM4C123.s
   Uses
      At line 183 in file Utilities\startup_TM4C123.s
      At line 742 in file Utilities\startup_TM4C123.s

WTIMER4A_Handler 000000C0

Symbol: WTIMER4A_Handler
   Definitions
      At line 747 in file Utilities\startup_TM4C123.s
   Uses
      At line 184 in file Utilities\startup_TM4C123.s
      At line 748 in file Utilities\startup_TM4C123.s

WTIMER4B_Handler 000000C2

Symbol: WTIMER4B_Handler
   Definitions
      At line 753 in file Utilities\startup_TM4C123.s
   Uses
      At line 185 in file Utilities\startup_TM4C123.s
      At line 754 in file Utilities\startup_TM4C123.s

WTIMER5A_Handler 000000C4

Symbol: WTIMER5A_Handler
   Definitions
      At line 759 in file Utilities\startup_TM4C123.s
   Uses
      At line 186 in file Utilities\startup_TM4C123.s
      At line 760 in file Utilities\startup_TM4C123.s

WTIMER5B_Handler 000000C6



ARM Macro Assembler    Page 19 Alphabetic symbol ordering
Relocatable symbols


Symbol: WTIMER5B_Handler
   Definitions
      At line 765 in file Utilities\startup_TM4C123.s
   Uses
      At line 187 in file Utilities\startup_TM4C123.s
      At line 766 in file Utilities\startup_TM4C123.s

__user_initial_stackheap 00000104

Symbol: __user_initial_stackheap
   Definitions
      At line 959 in file Utilities\startup_TM4C123.s
   Uses
      At line 958 in file Utilities\startup_TM4C123.s
Comment: __user_initial_stackheap used once
120 symbols



ARM Macro Assembler    Page 1 Alphabetic symbol ordering
Absolute symbols

Heap_Size 00000000

Symbol: Heap_Size
   Definitions
      At line 44 in file Utilities\startup_TM4C123.s
   Uses
      At line 48 in file Utilities\startup_TM4C123.s
      At line 963 in file Utilities\startup_TM4C123.s

Stack_Size 00000200

Symbol: Stack_Size
   Definitions
      At line 33 in file Utilities\startup_TM4C123.s
   Uses
      At line 36 in file Utilities\startup_TM4C123.s
      At line 962 in file Utilities\startup_TM4C123.s

__Vectors_Size 0000026C

Symbol: __Vectors_Size
   Definitions
      At line 224 in file Utilities\startup_TM4C123.s
   Uses
      At line 61 in file Utilities\startup_TM4C123.s
Comment: __Vectors_Size used once
3 symbols



ARM Macro Assembler    Page 1 Alphabetic symbol ordering
External symbols

__main 00000000

Symbol: __main
   Definitions
      At line 244 in file Utilities\startup_TM4C123.s
   Uses
      At line 245 in file Utilities\startup_TM4C123.s
Comment: __main used once
__use_two_region_memory 00000000

Symbol: __use_two_region_memory
   Definitions
      At line 957 in file Utilities\startup_TM4C123.s
   Uses
      None
Comment: __use_two_region_memory unused
2 symbols
470 symbols in table
